
> introduce-m@0.0.0 serve /home/project/introduceM
> docusaurus serve


   â”Œâ”€â”€â”€â”€â”€â”€â”€â”€â”€â”€â”€â”€â”€â”€â”€â”€â”€â”€â”€â”€â”€â”€â”€â”€â”€â”€â”€â”€â”€â”€â”€â”€â”€â”€â”€â”€â”
   â”‚                                    â”‚
   â”‚           Serving build!           â”‚
   â”‚                                    â”‚
   â”‚   - Local: http://localhost:3000   â”‚
   â”‚                                    â”‚
   â””â”€â”€â”€â”€â”€â”€â”€â”€â”€â”€â”€â”€â”€â”€â”€â”€â”€â”€â”€â”€â”€â”€â”€â”€â”€â”€â”€â”€â”€â”€â”€â”€â”€â”€â”€â”€â”˜


> introduce-m@0.0.0 serve /home/project/introduceM
> docusaurus serve


   â”Œâ”€â”€â”€â”€â”€â”€â”€â”€â”€â”€â”€â”€â”€â”€â”€â”€â”€â”€â”€â”€â”€â”€â”€â”€â”€â”€â”€â”€â”€â”€â”€â”€â”€â”€â”€â”€â”
   â”‚                                    â”‚
   â”‚           Serving build!           â”‚
   â”‚                                    â”‚
   â”‚   - Local: http://localhost:3000   â”‚
   â”‚                                    â”‚
   â””â”€â”€â”€â”€â”€â”€â”€â”€â”€â”€â”€â”€â”€â”€â”€â”€â”€â”€â”€â”€â”€â”€â”€â”€â”€â”€â”€â”€â”€â”€â”€â”€â”€â”€â”€â”€â”˜

Browserslist: caniuse-lite is outdated. Please run:
npx browserslist@latest --update-db

Why you should do it regularly:
https://github.com/browserslist/browserslist#browsers-data-updating
Starting the development server...
Docusaurus website is running at: http://localhost:3000/
â„¹ Compiling Client
[34mâ„¹[39m [90mï½¢wdsï½£[39m: Project is running at http://0.0.0.0:3000/
[34mâ„¹[39m [90mï½¢wdsï½£[39m: webpack output is served from /
[34mâ„¹[39m [90mï½¢wdsï½£[39m: Content not from webpack is served from /home/project/introduceM
[34mâ„¹[39m [90mï½¢wdsï½£[39m: 404s will fallback to /index.html
Unknown command: "staert"

Did you mean one of these?
    npm star # Mark your favorite packages
    npm stars # View packages marked as favorites
    npm start # Start a package

To see a list of supported npm commands, run:
  npm help

> introduce-m@0.0.0 start
> docusaurus start  --port 8888 --host 0.0.0.0

Browserslist: caniuse-lite is outdated. Please run:
npx browserslist@latest --update-db

Why you should do it regularly:
https://github.com/browserslist/browserslist#browsers-data-updating
Starting the development server...
Docusaurus website is running at: http://localhost:8888/
â„¹ Compiling Client
[34mâ„¹[39m [90mï½¢wdsï½£[39m: Project is running at http://0.0.0.0:8888/
[34mâ„¹[39m [90mï½¢wdsï½£[39m: webpack output is served from /
[34mâ„¹[39m [90mï½¢wdsï½£[39m: Content not from webpack is served from /home/project/introduceM
[34mâ„¹[39m [90mï½¢wdsï½£[39m: 404s will fallback to /index.html
(node:37516) [DEP0148] DeprecationWarning: Use of deprecated folder mapping "./" in the "exports" field module resolution of the package at /home/project/introduceM/node_modules/postcss/package.json.
Update this package.json to use a subpath pattern like "./*".
(Use `node --trace-deprecation ...` to show where the warning was created)
âœ” Client: Compiled successfully in 6.21s
Browserslist: caniuse-lite is outdated. Please run:
npx browserslist@latest --update-db

Why you should do it regularly:
https://github.com/browserslist/browserslist#browsers-data-updating
Starting the development server...
Docusaurus website is running at: http://localhost:3000/
â„¹ Compiling Client
[34mâ„¹[39m [90mï½¢wdsï½£[39m: Project is running at http://0.0.0.0:3000/
[34mâ„¹[39m [90mï½¢wdsï½£[39m: webpack output is served from /
[34mâ„¹[39m [90mï½¢wdsï½£[39m: Content not from webpack is served from /home/project/introduceM
[34mâ„¹[39m [90mï½¢wdsï½£[39m: 404s will fallback to /index.html
(node:37683) [DEP0148] DeprecationWarning: Use of deprecated folder mapping "./" in the "exports" field module resolution of the package at /home/project/introduceM/node_modules/postcss/package.json.
Update this package.json to use a subpath pattern like "./*".
(Use `node --trace-deprecation ...` to show where the warning was created)
âœ” Client: Compiled successfully in 6.16s
Browserslist: caniuse-lite is outdated. Please run:
npx browserslist@latest --update-db

Why you should do it regularly:
https://github.com/browserslist/browserslist#browsers-data-updating
Starting the development server...
Docusaurus website is running at: http://localhost:3000/
â„¹ Compiling Client
[34mâ„¹[39m [90mï½¢wdsï½£[39m: Project is running at http://0.0.0.0:3000/
[34mâ„¹[39m [90mï½¢wdsï½£[39m: webpack output is served from /
[34mâ„¹[39m [90mï½¢wdsï½£[39m: Content not from webpack is served from /home/project/introduceM
[34mâ„¹[39m [90mï½¢wdsï½£[39m: 404s will fallback to /index.html
(node:37729) [DEP0148] DeprecationWarning: Use of deprecated folder mapping "./" in the "exports" field module resolution of the package at /home/project/introduceM/node_modules/postcss/package.json.
Update this package.json to use a subpath pattern like "./*".
(Use `node --trace-deprecation ...` to show where the warning was created)
âœ” Client: Compiled successfully in 5.56s
